[debug] [2021-03-20T11:54:09.861Z] ----------------------------------------------------------------------
[debug] [2021-03-20T11:54:09.863Z] Command:       C:\Program Files\nodejs\node.exe C:\Users\user\AppData\Roaming\npm\node_modules\firebase-tools\lib\bin\firebase.js init
[debug] [2021-03-20T11:54:09.864Z] CLI Version:   9.6.1
[debug] [2021-03-20T11:54:09.864Z] Platform:      win32
[debug] [2021-03-20T11:54:09.864Z] Node Version:  v12.18.3
[debug] [2021-03-20T11:54:09.865Z] Time:          Sat Mar 20 2021 17:54:09 GMT+0600 (Bangladesh Standard Time)
[debug] [2021-03-20T11:54:09.865Z] ----------------------------------------------------------------------
[debug] [2021-03-20T11:54:09.865Z] 
[debug] [2021-03-20T11:54:09.871Z] > command requires scopes: ["email","openid","https://www.googleapis.com/auth/cloudplatformprojects.readonly","https://www.googleapis.com/auth/firebase","https://www.googleapis.com/auth/cloud-platform"]
[debug] [2021-03-20T11:54:09.871Z] > authorizing via signed-in user
[info] 
     ######## #### ########  ######## ########     ###     ######  ########
     ##        ##  ##     ## ##       ##     ##  ##   ##  ##       ##
     ######    ##  ########  ######   ########  #########  ######  ######
     ##        ##  ##    ##  ##       ##     ## ##     ##       ## ##
     ##       #### ##     ## ######## ########  ##     ##  ######  ########

You're about to initialize a Firebase project in this directory:

  A:\REACT_HERO\auth-recap

[info] 
=== Project Setup
[info] 
[info] First, let's associate this project directory with a Firebase project.
[info] You can create multiple project aliases by running firebase use --add, 
[info] but for now we'll just set up a default project.
[info] 
[debug] [2021-03-20T11:59:15.584Z] > refreshing access token with scopes: []
[debug] [2021-03-20T11:59:15.584Z] >>> HTTP REQUEST POST https://www.googleapis.com/oauth2/v3/token  
 <request body omitted>
[debug] [2021-03-20T11:59:16.061Z] <<< HTTP RESPONSE 200 {"cache-control":"no-cache, no-store, max-age=0, must-revalidate","expires":"Mon, 01 Jan 1990 00:00:00 GMT","date":"Sat, 20 Mar 2021 11:59:16 GMT","pragma":"no-cache","content-type":"application/json; charset=utf-8","vary":"X-Origin, Referer, Origin,Accept-Encoding","server":"scaffolding on HTTPServer2","x-xss-protection":"0","x-frame-options":"SAMEORIGIN","x-content-type-options":"nosniff","alt-svc":"h3-29=\":443\"; ma=2592000,h3-T051=\":443\"; ma=2592000,h3-Q050=\":443\"; ma=2592000,h3-Q046=\":443\"; ma=2592000,h3-Q043=\":443\"; ma=2592000,quic=\":443\"; ma=2592000; v=\"46,43\"","accept-ranges":"none","transfer-encoding":"chunked"}
[debug] [2021-03-20T11:59:16.071Z] >>> [apiv2][query] GET https://firebase.googleapis.com/v1beta1/projects pageSize=100
[debug] [2021-03-20T11:59:16.658Z] <<< [apiv2][status] GET https://firebase.googleapis.com/v1beta1/projects 200
[debug] [2021-03-20T11:59:16.658Z] <<< [apiv2][body] GET https://firebase.googleapis.com/v1beta1/projects [omitted]
[info] i  Using project auth-recap-61ada (auth-recap) 
[info] 
=== Hosting Setup
[info] 
[info] Your public directory is the folder (relative to your project directory) that
[info] will contain Hosting assets to be uploaded with firebase deploy. If you
[info] have a build process for your assets, use your build's output directory.
[info] 
[info] +  Wrote build/404.html 
[debug] [2021-03-20T12:00:29.158Z] >>> [apiv2][query] GET https://www.gstatic.com/firebasejs/releases.json [none]
[debug] [2021-03-20T12:00:29.546Z] <<< [apiv2][status] GET https://www.gstatic.com/firebasejs/releases.json 200
[debug] [2021-03-20T12:00:29.546Z] <<< [apiv2][body] GET https://www.gstatic.com/firebasejs/releases.json {"current":{"version":"8.3.1","browserURL":"https://www.gstatic.com/firebasejs/8.3.1/firebase.js","packageURL":"https://www.gstatic.com/firebasejs/8.3.1/firebase.tgz"},"live":{"version":"8.3","browserURL":"https://www.gstatic.com/firebasejs/live/8.3/firebase.js","packageURL":"https://www.gstatic.com/firebasejs/live/8.3/firebase.tgz"},"components":{"analytics":"https://www.gstatic.com/firebasejs/8.3.1/firebase-analytics.js","app":"https://www.gstatic.com/firebasejs/8.3.1/firebase-app.js","auth":"https://www.gstatic.com/firebasejs/8.3.1/firebase-auth.js","database":"https://www.gstatic.com/firebasejs/8.3.1/firebase-database.js","firestore":"https://www.gstatic.com/firebasejs/8.3.1/firebase-firestore.js","functions":"https://www.gstatic.com/firebasejs/8.3.1/firebase-functions.js","installations":"https://www.gstatic.com/firebasejs/8.3.1/firebase-installations.js","messaging":"https://www.gstatic.com/firebasejs/8.3.1/firebase-messaging.js","storage":"https://www.gstatic.com/firebasejs/8.3.1/firebase-storage.js","performance":"https://www.gstatic.com/firebasejs/8.3.1/firebase-performance.js","remote-config":"https://www.gstatic.com/firebasejs/8.3.1/firebase-remote-config.js","firestore.memory":"https://www.gstatic.com/firebasejs/8.3.1/firebase-firestore.memory.js"}}
[info] +  Wrote build/index.html 
[info] 
[info] i  Detected a .git folder at A:\REACT_HERO\auth-recap 
[info] i  Authorizing with GitHub to upload your service account to a GitHub repository's secrets store. 
[info] 
[info] Visit this URL on this device to log in:
[info] https://github.com/login/oauth/authorize?client_id=89cf50f02ac6aaed3484&state=403586948&redirect_uri=http%3A%2F%2Flocalhost%3A9005&scope=read%3Auser%20repo%20public_repo
[info] 
[info] Waiting for authentication...
[debug] [2021-03-20T12:00:30.994Z] >>> HTTP REQUEST POST https://github.com/login/oauth/access_token  
 {"client_id":"89cf50f02ac6aaed3484","client_secret":"3330d14abc895d9a74d5f17cd7a00711fa2c5bf0","code":"9e23d844561d20492873","redirect_uri":"http://localhost:9005","state":"403586948"}
[debug] [2021-03-20T12:00:32.003Z] <<< HTTP RESPONSE 200 {"server":"GitHub.com","date":"Sat, 20 Mar 2021 12:00:32 GMT","content-type":"application/json; charset=utf-8","transfer-encoding":"chunked","vary":"X-PJAX, Accept-Encoding, Accept, X-Requested-With","etag":"W/\"1fa7b8bfc1e17beab26ccdc91bfb46f2\"","cache-control":"max-age=0, private, must-revalidate","strict-transport-security":"max-age=31536000; includeSubdomains; preload","x-frame-options":"deny","x-content-type-options":"nosniff","x-xss-protection":"0","referrer-policy":"origin-when-cross-origin, strict-origin-when-cross-origin","expect-ct":"max-age=2592000, report-uri=\"https://api.github.com/_private/browser/errors\"","content-security-policy":"default-src 'none'; base-uri 'self'; block-all-mixed-content; connect-src 'self' uploads.github.com www.githubstatus.com collector.githubapp.com api.github.com github-cloud.s3.amazonaws.com github-production-repository-file-5c1aeb.s3.amazonaws.com github-production-upload-manifest-file-7fdce7.s3.amazonaws.com github-production-user-asset-6210df.s3.amazonaws.com cdn.optimizely.com logx.optimizely.com/v1/events wss://alive.github.com; font-src github.githubassets.com; form-action 'self' github.com gist.github.com; frame-ancestors 'none'; frame-src render.githubusercontent.com; img-src 'self' data: github.githubassets.com identicons.github.com collector.githubapp.com github-cloud.s3.amazonaws.com secured-user-images.githubusercontent.com/ *.githubusercontent.com; manifest-src 'self'; media-src 'none'; script-src github.githubassets.com; style-src 'unsafe-inline' github.githubassets.com; worker-src github.com/socket-worker-6832eced.js gist.github.com/socket-worker-6832eced.js","x-github-request-id":"D8E5:4832:3210E94:3E90942:6055E3DF"}
[debug] [2021-03-20T12:00:32.006Z] >>> [apiv2][query] GET https://api.github.com/user [none]
[debug] [2021-03-20T12:00:33.124Z] <<< [apiv2][status] GET https://api.github.com/user 200
[debug] [2021-03-20T12:00:33.125Z] <<< [apiv2][body] GET https://api.github.com/user {"login":"iMsubha","id":41858477,"node_id":"MDQ6VXNlcjQxODU4NDc3","avatar_url":"https://avatars.githubusercontent.com/u/41858477?v=4","gravatar_id":"","url":"https://api.github.com/users/iMsubha","html_url":"https://github.com/iMsubha","followers_url":"https://api.github.com/users/iMsubha/followers","following_url":"https://api.github.com/users/iMsubha/following{/other_user}","gists_url":"https://api.github.com/users/iMsubha/gists{/gist_id}","starred_url":"https://api.github.com/users/iMsubha/starred{/owner}{/repo}","subscriptions_url":"https://api.github.com/users/iMsubha/subscriptions","organizations_url":"https://api.github.com/users/iMsubha/orgs","repos_url":"https://api.github.com/users/iMsubha/repos","events_url":"https://api.github.com/users/iMsubha/events{/privacy}","received_events_url":"https://api.github.com/users/iMsubha/received_events","type":"User","site_admin":false,"name":"Subha Fairuz","company":null,"blog":"https://www.linkedin.com/in/subhafairuz/","location":"Bangladesh","email":null,"hireable":true,"bio":"JavaScript | React JS | Node JS | \r\nWeb Developer | WordPress","twitter_username":null,"public_repos":53,"public_gists":0,"followers":11,"following":17,"created_at":"2018-07-29T10:00:05Z","updated_at":"2021-03-18T15:19:24Z","private_gists":0,"total_private_repos":0,"owned_private_repos":0,"disk_usage":120500,"collaborators":0,"two_factor_authentication":false,"plan":{"name":"free","space":976562499,"collaborators":0,"private_repos":10000}}
[info] 
[info] +  Success! Logged into GitHub as iMsubha 
[info] 
[debug] [2021-03-20T12:01:20.111Z] >>> [apiv2][query] GET https://api.github.com/repos/npm run build/actions/secrets/public-key type=owner
[debug] [2021-03-20T12:01:21.078Z] <<< [apiv2][status] GET https://api.github.com/repos/npm run build/actions/secrets/public-key 404
[debug] [2021-03-20T12:01:21.078Z] <<< [apiv2][body] GET https://api.github.com/repos/npm run build/actions/secrets/public-key {"message":"Not Found","documentation_url":"https://docs.github.com/rest"}
